{"message":"Listening on port 3000...","level":"info"}
{"message":"Connected to mongodb://localhost/carStore...","level":"info"}
{"message":"Listening on port 3000...","level":"info"}
{"message":"Connected to mongodb://localhost/carStore...","level":"info"}
{"message":"Listening on port 3000...","level":"info"}
{"message":"Connected to mongodb://localhost/carStore...","level":"info"}
{"message":"Listening on port 3000...","level":"info"}
{"message":"Connected to mongodb://localhost/carStore...","level":"info"}
{"level":"error","message":"mongoose is not defined mongoose is not defined","stack":"ReferenceError: mongoose is not defined\n    at C:\\Users\\Mido\\Desktop\\car-store\\api\\routes\\mark.js:25:19\n    at newFn (C:\\Users\\Mido\\Desktop\\car-store\\api\\node_modules\\express-async-errors\\index.js:16:20)\n    at Layer.handle [as handle_request] (C:\\Users\\Mido\\Desktop\\car-store\\api\\node_modules\\express\\lib\\router\\layer.js:95:5)\n    at next (C:\\Users\\Mido\\Desktop\\car-store\\api\\node_modules\\express\\lib\\router\\route.js:137:13)\n    at Route.dispatch (C:\\Users\\Mido\\Desktop\\car-store\\api\\node_modules\\express\\lib\\router\\route.js:112:3)\n    at newFn (C:\\Users\\Mido\\Desktop\\car-store\\api\\node_modules\\express-async-errors\\index.js:16:20)\n    at Layer.handle [as handle_request] (C:\\Users\\Mido\\Desktop\\car-store\\api\\node_modules\\express\\lib\\router\\layer.js:95:5)\n    at C:\\Users\\Mido\\Desktop\\car-store\\api\\node_modules\\express\\lib\\router\\index.js:281:22\n    at param (C:\\Users\\Mido\\Desktop\\car-store\\api\\node_modules\\express\\lib\\router\\index.js:354:14)\n    at param (C:\\Users\\Mido\\Desktop\\car-store\\api\\node_modules\\express\\lib\\router\\index.js:365:14)\n    at Function.process_params (C:\\Users\\Mido\\Desktop\\car-store\\api\\node_modules\\express\\lib\\router\\index.js:410:3)\n    at next (C:\\Users\\Mido\\Desktop\\car-store\\api\\node_modules\\express\\lib\\router\\index.js:275:10)\n    at Function.handle (C:\\Users\\Mido\\Desktop\\car-store\\api\\node_modules\\express\\lib\\router\\index.js:174:3)\n    at router (C:\\Users\\Mido\\Desktop\\car-store\\api\\node_modules\\express\\lib\\router\\index.js:47:12)\n    at newFn (C:\\Users\\Mido\\Desktop\\car-store\\api\\node_modules\\express-async-errors\\index.js:16:20)\n    at Layer.handle [as handle_request] (C:\\Users\\Mido\\Desktop\\car-store\\api\\node_modules\\express\\lib\\router\\layer.js:95:5)"}
{"message":"Listening on port 3000...","level":"info"}
{"message":"Connected to mongodb://localhost/carStore...","level":"info"}
{"level":"error","message":"Cannot read property 'findOne' of undefined Cannot read property 'findOne' of undefined","stack":"TypeError: Cannot read property 'findOne' of undefined\n    at C:\\Users\\Mido\\Desktop\\car-store\\api\\routes\\mark.js:35:34\n    at newFn (C:\\Users\\Mido\\Desktop\\car-store\\api\\node_modules\\express-async-errors\\index.js:16:20)\n    at Layer.handle [as handle_request] (C:\\Users\\Mido\\Desktop\\car-store\\api\\node_modules\\express\\lib\\router\\layer.js:95:5)\n    at next (C:\\Users\\Mido\\Desktop\\car-store\\api\\node_modules\\express\\lib\\router\\route.js:137:13)\n    at Route.dispatch (C:\\Users\\Mido\\Desktop\\car-store\\api\\node_modules\\express\\lib\\router\\route.js:112:3)\n    at newFn (C:\\Users\\Mido\\Desktop\\car-store\\api\\node_modules\\express-async-errors\\index.js:16:20)\n    at Layer.handle [as handle_request] (C:\\Users\\Mido\\Desktop\\car-store\\api\\node_modules\\express\\lib\\router\\layer.js:95:5)\n    at C:\\Users\\Mido\\Desktop\\car-store\\api\\node_modules\\express\\lib\\router\\index.js:281:22\n    at param (C:\\Users\\Mido\\Desktop\\car-store\\api\\node_modules\\express\\lib\\router\\index.js:354:14)\n    at param (C:\\Users\\Mido\\Desktop\\car-store\\api\\node_modules\\express\\lib\\router\\index.js:365:14)\n    at Function.process_params (C:\\Users\\Mido\\Desktop\\car-store\\api\\node_modules\\express\\lib\\router\\index.js:410:3)\n    at next (C:\\Users\\Mido\\Desktop\\car-store\\api\\node_modules\\express\\lib\\router\\index.js:275:10)\n    at Function.handle (C:\\Users\\Mido\\Desktop\\car-store\\api\\node_modules\\express\\lib\\router\\index.js:174:3)\n    at router (C:\\Users\\Mido\\Desktop\\car-store\\api\\node_modules\\express\\lib\\router\\index.js:47:12)\n    at newFn (C:\\Users\\Mido\\Desktop\\car-store\\api\\node_modules\\express-async-errors\\index.js:16:20)\n    at Layer.handle [as handle_request] (C:\\Users\\Mido\\Desktop\\car-store\\api\\node_modules\\express\\lib\\router\\layer.js:95:5)"}
{"level":"error","message":"Cannot read property 'findOne' of undefined Cannot read property 'findOne' of undefined","stack":"TypeError: Cannot read property 'findOne' of undefined\n    at C:\\Users\\Mido\\Desktop\\car-store\\api\\routes\\mark.js:35:34\n    at newFn (C:\\Users\\Mido\\Desktop\\car-store\\api\\node_modules\\express-async-errors\\index.js:16:20)\n    at Layer.handle [as handle_request] (C:\\Users\\Mido\\Desktop\\car-store\\api\\node_modules\\express\\lib\\router\\layer.js:95:5)\n    at next (C:\\Users\\Mido\\Desktop\\car-store\\api\\node_modules\\express\\lib\\router\\route.js:137:13)\n    at Route.dispatch (C:\\Users\\Mido\\Desktop\\car-store\\api\\node_modules\\express\\lib\\router\\route.js:112:3)\n    at newFn (C:\\Users\\Mido\\Desktop\\car-store\\api\\node_modules\\express-async-errors\\index.js:16:20)\n    at Layer.handle [as handle_request] (C:\\Users\\Mido\\Desktop\\car-store\\api\\node_modules\\express\\lib\\router\\layer.js:95:5)\n    at C:\\Users\\Mido\\Desktop\\car-store\\api\\node_modules\\express\\lib\\router\\index.js:281:22\n    at param (C:\\Users\\Mido\\Desktop\\car-store\\api\\node_modules\\express\\lib\\router\\index.js:354:14)\n    at param (C:\\Users\\Mido\\Desktop\\car-store\\api\\node_modules\\express\\lib\\router\\index.js:365:14)\n    at Function.process_params (C:\\Users\\Mido\\Desktop\\car-store\\api\\node_modules\\express\\lib\\router\\index.js:410:3)\n    at next (C:\\Users\\Mido\\Desktop\\car-store\\api\\node_modules\\express\\lib\\router\\index.js:275:10)\n    at Function.handle (C:\\Users\\Mido\\Desktop\\car-store\\api\\node_modules\\express\\lib\\router\\index.js:174:3)\n    at router (C:\\Users\\Mido\\Desktop\\car-store\\api\\node_modules\\express\\lib\\router\\index.js:47:12)\n    at newFn (C:\\Users\\Mido\\Desktop\\car-store\\api\\node_modules\\express-async-errors\\index.js:16:20)\n    at Layer.handle [as handle_request] (C:\\Users\\Mido\\Desktop\\car-store\\api\\node_modules\\express\\lib\\router\\layer.js:95:5)"}
{"message":"Listening on port 3000...","level":"info"}
{"message":"Connected to mongodb://localhost/carStore...","level":"info"}
{"level":"error","message":"curId is not defined curId is not defined","stack":"ReferenceError: curId is not defined\n    at C:\\Users\\Mido\\Desktop\\car-store\\api\\routes\\mark.js:35:49\n    at newFn (C:\\Users\\Mido\\Desktop\\car-store\\api\\node_modules\\express-async-errors\\index.js:16:20)\n    at Layer.handle [as handle_request] (C:\\Users\\Mido\\Desktop\\car-store\\api\\node_modules\\express\\lib\\router\\layer.js:95:5)\n    at next (C:\\Users\\Mido\\Desktop\\car-store\\api\\node_modules\\express\\lib\\router\\route.js:137:13)\n    at Route.dispatch (C:\\Users\\Mido\\Desktop\\car-store\\api\\node_modules\\express\\lib\\router\\route.js:112:3)\n    at newFn (C:\\Users\\Mido\\Desktop\\car-store\\api\\node_modules\\express-async-errors\\index.js:16:20)\n    at Layer.handle [as handle_request] (C:\\Users\\Mido\\Desktop\\car-store\\api\\node_modules\\express\\lib\\router\\layer.js:95:5)\n    at C:\\Users\\Mido\\Desktop\\car-store\\api\\node_modules\\express\\lib\\router\\index.js:281:22\n    at param (C:\\Users\\Mido\\Desktop\\car-store\\api\\node_modules\\express\\lib\\router\\index.js:354:14)\n    at param (C:\\Users\\Mido\\Desktop\\car-store\\api\\node_modules\\express\\lib\\router\\index.js:365:14)\n    at Function.process_params (C:\\Users\\Mido\\Desktop\\car-store\\api\\node_modules\\express\\lib\\router\\index.js:410:3)\n    at next (C:\\Users\\Mido\\Desktop\\car-store\\api\\node_modules\\express\\lib\\router\\index.js:275:10)\n    at Function.handle (C:\\Users\\Mido\\Desktop\\car-store\\api\\node_modules\\express\\lib\\router\\index.js:174:3)\n    at router (C:\\Users\\Mido\\Desktop\\car-store\\api\\node_modules\\express\\lib\\router\\index.js:47:12)\n    at newFn (C:\\Users\\Mido\\Desktop\\car-store\\api\\node_modules\\express-async-errors\\index.js:16:20)\n    at Layer.handle [as handle_request] (C:\\Users\\Mido\\Desktop\\car-store\\api\\node_modules\\express\\lib\\router\\layer.js:95:5)"}
{"message":"Listening on port 3000...","level":"info"}
{"message":"Connected to mongodb://localhost/carStore...","level":"info"}
{"level":"error","message":"curId is not defined curId is not defined","stack":"ReferenceError: curId is not defined\n    at C:\\Users\\Mido\\Desktop\\car-store\\api\\routes\\mark.js:35:46\n    at newFn (C:\\Users\\Mido\\Desktop\\car-store\\api\\node_modules\\express-async-errors\\index.js:16:20)\n    at Layer.handle [as handle_request] (C:\\Users\\Mido\\Desktop\\car-store\\api\\node_modules\\express\\lib\\router\\layer.js:95:5)\n    at next (C:\\Users\\Mido\\Desktop\\car-store\\api\\node_modules\\express\\lib\\router\\route.js:137:13)\n    at Route.dispatch (C:\\Users\\Mido\\Desktop\\car-store\\api\\node_modules\\express\\lib\\router\\route.js:112:3)\n    at newFn (C:\\Users\\Mido\\Desktop\\car-store\\api\\node_modules\\express-async-errors\\index.js:16:20)\n    at Layer.handle [as handle_request] (C:\\Users\\Mido\\Desktop\\car-store\\api\\node_modules\\express\\lib\\router\\layer.js:95:5)\n    at C:\\Users\\Mido\\Desktop\\car-store\\api\\node_modules\\express\\lib\\router\\index.js:281:22\n    at param (C:\\Users\\Mido\\Desktop\\car-store\\api\\node_modules\\express\\lib\\router\\index.js:354:14)\n    at param (C:\\Users\\Mido\\Desktop\\car-store\\api\\node_modules\\express\\lib\\router\\index.js:365:14)\n    at Function.process_params (C:\\Users\\Mido\\Desktop\\car-store\\api\\node_modules\\express\\lib\\router\\index.js:410:3)\n    at next (C:\\Users\\Mido\\Desktop\\car-store\\api\\node_modules\\express\\lib\\router\\index.js:275:10)\n    at Function.handle (C:\\Users\\Mido\\Desktop\\car-store\\api\\node_modules\\express\\lib\\router\\index.js:174:3)\n    at router (C:\\Users\\Mido\\Desktop\\car-store\\api\\node_modules\\express\\lib\\router\\index.js:47:12)\n    at newFn (C:\\Users\\Mido\\Desktop\\car-store\\api\\node_modules\\express-async-errors\\index.js:16:20)\n    at Layer.handle [as handle_request] (C:\\Users\\Mido\\Desktop\\car-store\\api\\node_modules\\express\\lib\\router\\layer.js:95:5)"}
{"message":"Listening on port 3000...","level":"info"}
{"message":"Connected to mongodb://localhost/carStore...","level":"info"}
{"message":"Listening on port 3000...","level":"info"}
{"message":"Connected to mongodb://localhost/carStore...","level":"info"}
{"message":"Listening on port 3000...","level":"info"}
{"message":"Connected to mongodb://localhost/carStore...","level":"info"}
{"message":"Listening on port 3000...","level":"info"}
{"message":"Connected to mongodb://localhost/carStore...","level":"info"}
{"message":"Listening on port 3000...","level":"info"}
{"message":"Connected to mongodb://localhost/carStore...","level":"info"}
{"message":"Listening on port 3000...","level":"info"}
{"message":"Connected to mongodb://localhost/carStore...","level":"info"}
{"message":"Listening on port 3000...","level":"info"}
{"message":"Connected to mongodb://localhost/carStore...","level":"info"}
{"message":"Listening on port 3000...","level":"info"}
{"message":"Connected to mongodb://localhost/carStore...","level":"info"}
{"message":"Listening on port 3000...","level":"info"}
{"message":"Connected to mongodb://localhost/carStore...","level":"info"}
{"message":"Listening on port 3000...","level":"info"}
{"message":"Connected to mongodb://localhost/carStore...","level":"info"}
{"message":"Listening on port 3000...","level":"info"}
{"message":"Connected to mongodb://localhost/carStore...","level":"info"}
{"message":"Listening on port 3000...","level":"info"}
{"message":"Connected to mongodb://localhost/carStore...","level":"info"}
{"ok":0,"code":2,"codeName":"BadValue","name":"MongoError","level":"error","message":"Unsupported projection option: sort: { createdAt: -1 } Unsupported projection option: sort: { createdAt: -1 }","stack":"MongoError: Unsupported projection option: sort: { createdAt: -1 }\n    at MessageStream.messageHandler (C:\\Users\\Mido\\Desktop\\car-store\\api\\node_modules\\mongodb\\lib\\cmap\\connection.js:263:20)\n    at MessageStream.emit (events.js:311:20)\n    at processIncomingData (C:\\Users\\Mido\\Desktop\\car-store\\api\\node_modules\\mongodb\\lib\\cmap\\message_stream.js:144:12)\n    at MessageStream._write (C:\\Users\\Mido\\Desktop\\car-store\\api\\node_modules\\mongodb\\lib\\cmap\\message_stream.js:42:5)\n    at doWrite (_stream_writable.js:441:12)\n    at writeOrBuffer (_stream_writable.js:425:5)\n    at MessageStream.Writable.write (_stream_writable.js:316:11)\n    at Socket.ondata (_stream_readable.js:714:22)\n    at Socket.emit (events.js:311:20)\n    at addChunk (_stream_readable.js:294:12)\n    at readableAddChunk (_stream_readable.js:275:11)\n    at Socket.Readable.push (_stream_readable.js:209:10)\n    at TCP.onStreamRead (internal/stream_base_commons.js:186:23)"}
{"message":"Listening on port 3000...","level":"info"}
{"message":"Connected to mongodb://localhost/carStore...","level":"info"}
{"message":"Listening on port 3000...","level":"info"}
{"message":"Connected to mongodb://localhost/carStore...","level":"info"}
